<?xml version="1.0" encoding="UTF-8"?>
<!-- Generated by org.testng.reporters.JUnitXMLReporter -->
<testsuite ignored="0" hostname="LAPTOP-OANF0OII" failures="1" tests="4" name="Test" time="79.884" errors="0" timestamp="2024-04-22T20:56:35 GMT-05:00">
  <testcase classname="Testcases.AddProductTest" name="addproducts" time="18.861"/>
  <testcase classname="Testcases.FailedTest" name="addproducts" time="19.532">
    <failure type="java.lang.AssertionError" message="expected [true] but found [false]">
      <![CDATA[java.lang.AssertionError: expected [true] but found [false]
at Testcases.FailedTest.addproducts(FailedTest.java:44)
at java.base/java.util.ArrayList.forEach(ArrayList.java:1511)
at java.base/java.util.concurrent.FutureTask.run(FutureTask.java:264)
at java.base/java.util.concurrent.ThreadPoolExecutor.runWorker(ThreadPoolExecutor.java:1130)
at java.base/java.util.concurrent.ThreadPoolExecutor$Worker.run(ThreadPoolExecutor.java:630)
at java.base/java.lang.Thread.run(Thread.java:831)
... Removed 21 stack frames]]>
    </failure>
  </testcase> <!-- addproducts -->
  <testcase classname="Testcases.LoginTest" name="Login" time="10.913"/>
  <testcase classname="Testcases.ProductTest" name="AddProduct" time="18.231"/>
</testsuite> <!-- Test -->
